2025-07-17 22:47:06 [AWT-EventQueue-0] INFO  com.example.hexeditor.HexEditorFrame - Создание HexEditorFrame для файла: /home/template/Загрузки/as
2025-07-17 22:47:06 [AWT-EventQueue-0] DEBUG com.example.hexeditor.HexEditorFrame - Инициализация редактора...
2025-07-17 22:47:17 [AWT-EventQueue-0] DEBUG com.example.hexeditor.HexEditorFrame - Получение выбранных байт (строк: 0, колонок: 0)
2025-07-17 22:47:17 [AWT-EventQueue-0] DEBUG com.example.hexeditor.HexEditorFrame - Получение выбранных байт (строк: 0, колонок: 1)
2025-07-17 22:47:17 [AWT-EventQueue-0] DEBUG com.example.hexeditor.HexEditorFrame - Отображение данных: int16: 0  uint16: 0  int32: 0  uint32: 0  float: 0,000000  int64: 386547056640  double: 1,9097962118700000E-312
2025-07-17 22:47:17 [AWT-EventQueue-0] DEBUG com.example.hexeditor.HexEditorFrame - Получение выбранных байт (строк: 17, колонок: 1)
2025-07-17 22:47:17 [AWT-EventQueue-0] DEBUG com.example.hexeditor.HexEditorFrame - Отображение данных: int16: 0  uint16: 0  int32: 0  uint32: 0  float: 0,000000  int64: 0  double: 0,0000000000000000E+00
2025-07-17 22:47:18 [AWT-EventQueue-0] DEBUG com.example.hexeditor.HexEditorFrame - Получение выбранных байт (строк: 17, колонок: 2)
2025-07-17 22:47:18 [AWT-EventQueue-0] DEBUG com.example.hexeditor.HexEditorFrame - Отображение данных: int16: 0  uint16: 0  int32: 0  uint32: 0  float: 0,000000  int64: 0  double: 0,0000000000000000E+00
2025-07-17 22:47:18 [AWT-EventQueue-0] DEBUG com.example.hexeditor.HexEditorFrame - Получение выбранных байт (строк: 17, колонок: 3)
2025-07-17 22:47:18 [AWT-EventQueue-0] DEBUG com.example.hexeditor.HexEditorFrame - Отображение данных: int16: 0  uint16: 0  int32: 0  uint32: 0  float: 0,000000  int64: 0  double: 0,0000000000000000E+00
2025-07-17 22:47:18 [AWT-EventQueue-0] DEBUG com.example.hexeditor.HexEditorFrame - Получение выбранных байт (строк: 17, колонок: 4)
2025-07-17 22:47:18 [AWT-EventQueue-0] DEBUG com.example.hexeditor.HexEditorFrame - Отображение данных: int16: 0  uint16: 0  int32: 0  uint32: 0  float: 0,000000  int64: 0  double: 0,0000000000000000E+00
2025-07-17 22:47:18 [AWT-EventQueue-0] DEBUG com.example.hexeditor.HexEditorFrame - Получение выбранных байт (строк: 18, колонок: 4)
2025-07-17 22:47:18 [AWT-EventQueue-0] DEBUG com.example.hexeditor.HexEditorFrame - Отображение данных: int16: 0  uint16: 0  int32: 0  uint32: 0  float: 0,000000  int64: 0  double: 0,0000000000000000E+00
2025-07-17 22:47:18 [AWT-EventQueue-0] DEBUG com.example.hexeditor.HexEditorFrame - Получение выбранных байт (строк: 18, колонок: 5)
2025-07-17 22:47:18 [AWT-EventQueue-0] DEBUG com.example.hexeditor.HexEditorFrame - Отображение данных: int16: 0  uint16: 0  int32: 0  uint32: 0  float: 0,000000  int64: 0  double: 0,0000000000000000E+00
2025-07-17 22:47:18 [AWT-EventQueue-0] DEBUG com.example.hexeditor.HexEditorFrame - Получение выбранных байт (строк: 19, колонок: 5)
2025-07-17 22:47:18 [AWT-EventQueue-0] DEBUG com.example.hexeditor.HexEditorFrame - Отображение данных: int16: 0  uint16: 0  int32: 0  uint32: 0  float: 0,000000  int64: 0  double: 0,0000000000000000E+00
2025-07-17 22:47:18 [AWT-EventQueue-0] DEBUG com.example.hexeditor.HexEditorFrame - Получение выбранных байт (строк: 19, колонок: 5)
2025-07-17 22:47:18 [AWT-EventQueue-0] DEBUG com.example.hexeditor.HexEditorFrame - Отображение данных: int16: 0  uint16: 0  int32: 0  uint32: 0  float: 0,000000  int64: 0  double: 0,0000000000000000E+00
2025-07-17 22:49:14 [AWT-EventQueue-0] INFO  com.example.hexeditor.HexEditorFrame - Создание HexEditorFrame для файла: /home/template/Загрузки/as
2025-07-17 22:49:14 [AWT-EventQueue-0] DEBUG com.example.hexeditor.HexEditorFrame - Инициализация редактора...
2025-07-17 22:49:16 [AWT-EventQueue-0] DEBUG com.example.hexeditor.HexEditorFrame - Получение выбранных байт (строк: 0, колонок: 0)
2025-07-17 22:49:16 [AWT-EventQueue-0] DEBUG com.example.hexeditor.HexEditorFrame - Получение выбранных байт (строк: 0, колонок: 1)
2025-07-17 22:49:16 [AWT-EventQueue-0] DEBUG com.example.hexeditor.HexEditorFrame - Получение выбранных байт (строк: 0, колонок: 2)
2025-07-17 22:49:16 [AWT-EventQueue-0] DEBUG com.example.hexeditor.HexEditorFrame - Отображение данных: int16: 0  uint16: 0  int32: 0  uint32: 0  float: 0,000000  int64: 0  double: 0,0000000000000000E+00
2025-07-17 22:49:16 [AWT-EventQueue-0] DEBUG com.example.hexeditor.HexEditorFrame - Получение выбранных байт (строк: 21, колонок: 2)
2025-07-17 22:49:16 [AWT-EventQueue-0] DEBUG com.example.hexeditor.HexEditorFrame - Отображение данных: int16: 0  uint16: 0  int32: 0  uint32: 0  float: 0,000000  int64: 0  double: 0,0000000000000000E+00
2025-07-17 22:49:16 [AWT-EventQueue-0] DEBUG com.example.hexeditor.HexEditorFrame - Получение выбранных байт (строк: 21, колонок: 3)
2025-07-17 22:49:16 [AWT-EventQueue-0] DEBUG com.example.hexeditor.HexEditorFrame - Отображение данных: int16: 0  uint16: 0  int32: 0  uint32: 0  float: 0,000000  int64: 0  double: 0,0000000000000000E+00
2025-07-17 22:49:16 [AWT-EventQueue-0] DEBUG com.example.hexeditor.HexEditorFrame - Получение выбранных байт (строк: 21, колонок: 4)
2025-07-17 22:49:16 [AWT-EventQueue-0] DEBUG com.example.hexeditor.HexEditorFrame - Отображение данных: int16: 0  uint16: 0  int32: 0  uint32: 0  float: 0,000000  int64: 0  double: 0,0000000000000000E+00
2025-07-17 22:49:16 [AWT-EventQueue-0] DEBUG com.example.hexeditor.HexEditorFrame - Получение выбранных байт (строк: 22, колонок: 4)
2025-07-17 22:49:16 [AWT-EventQueue-0] DEBUG com.example.hexeditor.HexEditorFrame - Отображение данных: int16: 0  uint16: 0  int32: 0  uint32: 0  float: 0,000000  int64: 0  double: 0,0000000000000000E+00
2025-07-17 22:49:16 [AWT-EventQueue-0] DEBUG com.example.hexeditor.HexEditorFrame - Получение выбранных байт (строк: 22, колонок: 5)
2025-07-17 22:49:16 [AWT-EventQueue-0] DEBUG com.example.hexeditor.HexEditorFrame - Отображение данных: int16: 0  uint16: 0  int32: 0  uint32: 0  float: 0,000000  int64: 0  double: 0,0000000000000000E+00
2025-07-17 22:49:16 [AWT-EventQueue-0] DEBUG com.example.hexeditor.HexEditorFrame - Получение выбранных байт (строк: 23, колонок: 5)
2025-07-17 22:49:16 [AWT-EventQueue-0] DEBUG com.example.hexeditor.HexEditorFrame - Отображение данных: int16: 0  uint16: 0  int32: 0  uint32: 0  float: 0,000000  int64: 0  double: 0,0000000000000000E+00
2025-07-17 22:49:16 [AWT-EventQueue-0] DEBUG com.example.hexeditor.HexEditorFrame - Получение выбранных байт (строк: 23, колонок: 5)
2025-07-17 22:49:16 [AWT-EventQueue-0] DEBUG com.example.hexeditor.HexEditorFrame - Отображение данных: int16: 0  uint16: 0  int32: 0  uint32: 0  float: 0,000000  int64: 0  double: 0,0000000000000000E+00
2025-07-17 23:12:10 [AWT-EventQueue-0] INFO  com.example.hexeditor.HexEditorFrame - Создание HexEditorFrame для файла: /home/template/Загрузки/as
2025-07-17 23:12:10 [AWT-EventQueue-0] DEBUG com.example.hexeditor.HexEditorFrame - Инициализация редактора...
2025-07-17 23:12:10 [AWT-EventQueue-0] INFO  com.example.hexeditor.HexFileModel - Файл открыт: /home/template/Загрузки/as (размер: 405 байт)
2025-07-17 23:12:21 [AWT-EventQueue-0] DEBUG com.example.hexeditor.HexEditorFrame - Получение выбранных байт (строк: 0, колонок: 0)
2025-07-17 23:12:21 [AWT-EventQueue-0] DEBUG com.example.hexeditor.HexEditorFrame - Получение выбранных байт (строк: 0, колонок: 1)
2025-07-17 23:12:21 [AWT-EventQueue-0] DEBUG com.example.hexeditor.HexEditorFrame - Отображение данных: int16: 0  uint16: 0  int32: 0  uint32: 0  float: 0,000000  int64: 206158430208  double: 1,0185579796630000E-312
2025-07-17 23:12:21 [AWT-EventQueue-0] DEBUG com.example.hexeditor.HexEditorFrame - Получение выбранных байт (строк: 20, колонок: 1)
2025-07-17 23:12:21 [AWT-EventQueue-0] DEBUG com.example.hexeditor.HexEditorFrame - Отображение данных: int16: 0  uint16: 0  int32: 0  uint32: 0  float: 0,000000  int64: 0  double: 0,0000000000000000E+00
2025-07-17 23:12:21 [AWT-EventQueue-0] DEBUG com.example.hexeditor.HexEditorFrame - Получение выбранных байт (строк: 20, колонок: 2)
2025-07-17 23:12:21 [AWT-EventQueue-0] DEBUG com.example.hexeditor.HexEditorFrame - Отображение данных: int16: 0  uint16: 0  int32: 0  uint32: 0  float: 0,000000  int64: 0  double: 0,0000000000000000E+00
2025-07-17 23:12:21 [AWT-EventQueue-0] DEBUG com.example.hexeditor.HexEditorFrame - Получение выбранных байт (строк: 20, колонок: 3)
2025-07-17 23:12:21 [AWT-EventQueue-0] DEBUG com.example.hexeditor.HexEditorFrame - Отображение данных: int16: 0  uint16: 0  int32: 0  uint32: 0  float: 0,000000  int64: 0  double: 0,0000000000000000E+00
2025-07-17 23:12:22 [AWT-EventQueue-0] DEBUG com.example.hexeditor.HexEditorFrame - Получение выбранных байт (строк: 21, колонок: 3)
2025-07-17 23:12:22 [AWT-EventQueue-0] DEBUG com.example.hexeditor.HexEditorFrame - Отображение данных: int16: 0  uint16: 0  int32: 0  uint32: 0  float: 0,000000  int64: 0  double: 0,0000000000000000E+00
2025-07-17 23:12:22 [AWT-EventQueue-0] DEBUG com.example.hexeditor.HexEditorFrame - Получение выбранных байт (строк: 22, колонок: 3)
2025-07-17 23:12:22 [AWT-EventQueue-0] DEBUG com.example.hexeditor.HexEditorFrame - Отображение данных: int16: 0  uint16: 0  int32: 0  uint32: 0  float: 0,000000  int64: 0  double: 0,0000000000000000E+00
2025-07-17 23:12:22 [AWT-EventQueue-0] DEBUG com.example.hexeditor.HexEditorFrame - Получение выбранных байт (строк: 22, колонок: 3)
2025-07-17 23:12:22 [AWT-EventQueue-0] DEBUG com.example.hexeditor.HexEditorFrame - Отображение данных: int16: 0  uint16: 0  int32: 0  uint32: 0  float: 0,000000  int64: 0  double: 0,0000000000000000E+00
2025-07-17 23:12:23 [AWT-EventQueue-0] INFO  com.example.hexeditor.HexEditorFrame - Файл успешно загружен: as (размер: 405 байт)
2025-07-17 23:12:23 [AWT-EventQueue-0] INFO  com.example.hexeditor.HexEditorFrame - Файл успешно загружен: as (размер: 405 байт)
2025-07-17 23:12:23 [AWT-EventQueue-0] INFO  com.example.hexeditor.HexEditorFrame - Файл успешно загружен: as (размер: 405 байт)
2025-07-17 23:12:23 [AWT-EventQueue-0] INFO  com.example.hexeditor.HexEditorFrame - Файл успешно загружен: as (размер: 405 байт)
2025-07-17 23:12:23 [AWT-EventQueue-0] INFO  com.example.hexeditor.HexEditorFrame - Файл успешно загружен: as (размер: 405 байт)
2025-07-17 23:12:23 [AWT-EventQueue-0] INFO  com.example.hexeditor.HexEditorFrame - Файл успешно загружен: as (размер: 405 байт)
2025-07-17 23:12:23 [AWT-EventQueue-0] INFO  com.example.hexeditor.HexEditorFrame - Файл успешно загружен: as (размер: 405 байт)
2025-07-17 23:12:23 [AWT-EventQueue-0] INFO  com.example.hexeditor.HexEditorFrame - Файл успешно загружен: as (размер: 405 байт)
2025-07-17 23:12:23 [AWT-EventQueue-0] INFO  com.example.hexeditor.HexEditorFrame - Файл успешно загружен: as (размер: 405 байт)
2025-07-17 23:12:23 [AWT-EventQueue-0] INFO  com.example.hexeditor.HexEditorFrame - Файл успешно загружен: as (размер: 405 байт)
2025-07-17 23:12:23 [AWT-EventQueue-0] INFO  com.example.hexeditor.HexEditorFrame - Файл успешно загружен: as (размер: 405 байт)
2025-07-17 23:12:23 [AWT-EventQueue-0] INFO  com.example.hexeditor.HexEditorFrame - Файл успешно загружен: as (размер: 405 байт)
2025-07-17 23:12:23 [AWT-EventQueue-0] INFO  com.example.hexeditor.HexEditorFrame - Файл успешно загружен: as (размер: 405 байт)
2025-07-17 23:12:23 [AWT-EventQueue-0] INFO  com.example.hexeditor.HexEditorFrame - Файл успешно загружен: as (размер: 405 байт)
2025-07-17 23:12:23 [AWT-EventQueue-0] INFO  com.example.hexeditor.HexEditorFrame - Файл успешно загружен: as (размер: 405 байт)
2025-07-17 23:12:23 [AWT-EventQueue-0] INFO  com.example.hexeditor.HexEditorFrame - Файл успешно загружен: as (размер: 405 байт)
2025-07-17 23:12:23 [AWT-EventQueue-0] INFO  com.example.hexeditor.HexEditorFrame - Файл успешно загружен: as (размер: 405 байт)
2025-07-17 23:12:23 [AWT-EventQueue-0] INFO  com.example.hexeditor.HexEditorFrame - Файл успешно загружен: as (размер: 405 байт)
2025-07-17 23:12:24 [AWT-EventQueue-0] INFO  com.example.hexeditor.HexEditorFrame - Файл успешно загружен: as (размер: 405 байт)
2025-07-17 23:12:24 [AWT-EventQueue-0] INFO  com.example.hexeditor.HexEditorFrame - Файл успешно загружен: as (размер: 405 байт)
2025-07-17 23:12:24 [AWT-EventQueue-0] INFO  com.example.hexeditor.HexEditorFrame - Файл успешно загружен: as (размер: 405 байт)
2025-07-17 23:12:24 [AWT-EventQueue-0] INFO  com.example.hexeditor.HexEditorFrame - Файл успешно загружен: as (размер: 405 байт)
2025-07-17 23:12:24 [AWT-EventQueue-0] INFO  com.example.hexeditor.HexEditorFrame - Файл успешно загружен: as (размер: 405 байт)
2025-07-17 23:12:24 [AWT-EventQueue-0] INFO  com.example.hexeditor.HexEditorFrame - Файл успешно загружен: as (размер: 405 байт)
2025-07-17 23:12:24 [AWT-EventQueue-0] INFO  com.example.hexeditor.HexEditorFrame - Файл успешно загружен: as (размер: 405 байт)
2025-07-17 23:12:24 [AWT-EventQueue-0] INFO  com.example.hexeditor.HexEditorFrame - Файл успешно загружен: as (размер: 405 байт)
2025-07-17 23:12:24 [AWT-EventQueue-0] ERROR com.example.hexeditor.HexEditorFrame - Ошибка инициализации редактора для файла as java.awt.event.MouseEvent[MOUSE_MOVED,(556,400),absolute(637,474),clickCount=0] on com.example.hexeditor.HexEditorFrame$1[,0,0,1200x416,alignmentX=0.0,alignmentY=0.0,border=,flags=251658568,maximumSize=,minimumSize=,preferredSize=,autoCreateColumnsFromModel=true,autoResizeMode=AUTO_RESIZE_OFF,cellSelectionEnabled=true,editingColumn=-1,editingRow=-1,gridColor=javax.swing.plaf.ColorUIResource[r=122,g=138,b=153],preferredViewportSize=java.awt.Dimension[width=450,height=400],rowHeight=16,rowMargin=1,rowSelectionAllowed=true,selectionBackground=javax.swing.plaf.ColorUIResource[r=184,g=207,b=229],selectionForeground=sun.swing.PrintColorUIResource[r=51,g=51,b=51],showHorizontalLines=true,showVerticalLines=true]
2025-07-17 23:12:24 [AWT-EventQueue-0] ERROR com.example.hexeditor.HexEditorFrame - Ошибка инициализации редактора для файла as java.awt.event.MouseEvent[MOUSE_MOVED,(559,403),absolute(640,477),clickCount=0] on com.example.hexeditor.HexEditorFrame$1[,0,0,1200x416,alignmentX=0.0,alignmentY=0.0,border=,flags=251658568,maximumSize=,minimumSize=,preferredSize=,autoCreateColumnsFromModel=true,autoResizeMode=AUTO_RESIZE_OFF,cellSelectionEnabled=true,editingColumn=-1,editingRow=-1,gridColor=javax.swing.plaf.ColorUIResource[r=122,g=138,b=153],preferredViewportSize=java.awt.Dimension[width=450,height=400],rowHeight=16,rowMargin=1,rowSelectionAllowed=true,selectionBackground=javax.swing.plaf.ColorUIResource[r=184,g=207,b=229],selectionForeground=sun.swing.PrintColorUIResource[r=51,g=51,b=51],showHorizontalLines=true,showVerticalLines=true]
2025-07-17 23:12:24 [AWT-EventQueue-0] ERROR com.example.hexeditor.HexEditorFrame - Ошибка инициализации редактора для файла as java.awt.event.MouseEvent[MOUSE_MOVED,(560,404),absolute(641,478),clickCount=0] on com.example.hexeditor.HexEditorFrame$1[,0,0,1200x416,alignmentX=0.0,alignmentY=0.0,border=,flags=251658568,maximumSize=,minimumSize=,preferredSize=,autoCreateColumnsFromModel=true,autoResizeMode=AUTO_RESIZE_OFF,cellSelectionEnabled=true,editingColumn=-1,editingRow=-1,gridColor=javax.swing.plaf.ColorUIResource[r=122,g=138,b=153],preferredViewportSize=java.awt.Dimension[width=450,height=400],rowHeight=16,rowMargin=1,rowSelectionAllowed=true,selectionBackground=javax.swing.plaf.ColorUIResource[r=184,g=207,b=229],selectionForeground=sun.swing.PrintColorUIResource[r=51,g=51,b=51],showHorizontalLines=true,showVerticalLines=true]
2025-07-17 23:12:24 [AWT-EventQueue-0] ERROR com.example.hexeditor.HexEditorFrame - Ошибка инициализации редактора для файла as java.awt.event.MouseEvent[MOUSE_MOVED,(563,408),absolute(644,482),clickCount=0] on com.example.hexeditor.HexEditorFrame$1[,0,0,1200x416,alignmentX=0.0,alignmentY=0.0,border=,flags=251658568,maximumSize=,minimumSize=,preferredSize=,autoCreateColumnsFromModel=true,autoResizeMode=AUTO_RESIZE_OFF,cellSelectionEnabled=true,editingColumn=-1,editingRow=-1,gridColor=javax.swing.plaf.ColorUIResource[r=122,g=138,b=153],preferredViewportSize=java.awt.Dimension[width=450,height=400],rowHeight=16,rowMargin=1,rowSelectionAllowed=true,selectionBackground=javax.swing.plaf.ColorUIResource[r=184,g=207,b=229],selectionForeground=sun.swing.PrintColorUIResource[r=51,g=51,b=51],showHorizontalLines=true,showVerticalLines=true]
2025-07-17 23:12:24 [AWT-EventQueue-0] ERROR com.example.hexeditor.HexEditorFrame - Ошибка инициализации редактора для файла as java.awt.event.MouseEvent[MOUSE_MOVED,(564,410),absolute(645,484),clickCount=0] on com.example.hexeditor.HexEditorFrame$1[,0,0,1200x416,alignmentX=0.0,alignmentY=0.0,border=,flags=251658568,maximumSize=,minimumSize=,preferredSize=,autoCreateColumnsFromModel=true,autoResizeMode=AUTO_RESIZE_OFF,cellSelectionEnabled=true,editingColumn=-1,editingRow=-1,gridColor=javax.swing.plaf.ColorUIResource[r=122,g=138,b=153],preferredViewportSize=java.awt.Dimension[width=450,height=400],rowHeight=16,rowMargin=1,rowSelectionAllowed=true,selectionBackground=javax.swing.plaf.ColorUIResource[r=184,g=207,b=229],selectionForeground=sun.swing.PrintColorUIResource[r=51,g=51,b=51],showHorizontalLines=true,showVerticalLines=true]
2025-07-17 23:12:24 [AWT-EventQueue-0] ERROR com.example.hexeditor.HexEditorFrame - Ошибка инициализации редактора для файла as java.awt.event.MouseEvent[MOUSE_MOVED,(565,411),absolute(646,485),clickCount=0] on com.example.hexeditor.HexEditorFrame$1[,0,0,1200x416,alignmentX=0.0,alignmentY=0.0,border=,flags=251658568,maximumSize=,minimumSize=,preferredSize=,autoCreateColumnsFromModel=true,autoResizeMode=AUTO_RESIZE_OFF,cellSelectionEnabled=true,editingColumn=-1,editingRow=-1,gridColor=javax.swing.plaf.ColorUIResource[r=122,g=138,b=153],preferredViewportSize=java.awt.Dimension[width=450,height=400],rowHeight=16,rowMargin=1,rowSelectionAllowed=true,selectionBackground=javax.swing.plaf.ColorUIResource[r=184,g=207,b=229],selectionForeground=sun.swing.PrintColorUIResource[r=51,g=51,b=51],showHorizontalLines=true,showVerticalLines=true]
2025-07-17 23:12:24 [AWT-EventQueue-0] ERROR com.example.hexeditor.HexEditorFrame - Ошибка инициализации редактора для файла as java.awt.event.MouseEvent[MOUSE_MOVED,(566,412),absolute(647,486),clickCount=0] on com.example.hexeditor.HexEditorFrame$1[,0,0,1200x416,alignmentX=0.0,alignmentY=0.0,border=,flags=251658568,maximumSize=,minimumSize=,preferredSize=,autoCreateColumnsFromModel=true,autoResizeMode=AUTO_RESIZE_OFF,cellSelectionEnabled=true,editingColumn=-1,editingRow=-1,gridColor=javax.swing.plaf.ColorUIResource[r=122,g=138,b=153],preferredViewportSize=java.awt.Dimension[width=450,height=400],rowHeight=16,rowMargin=1,rowSelectionAllowed=true,selectionBackground=javax.swing.plaf.ColorUIResource[r=184,g=207,b=229],selectionForeground=sun.swing.PrintColorUIResource[r=51,g=51,b=51],showHorizontalLines=true,showVerticalLines=true]
2025-07-17 23:12:24 [AWT-EventQueue-0] ERROR com.example.hexeditor.HexEditorFrame - Ошибка инициализации редактора для файла as java.awt.event.MouseEvent[MOUSE_MOVED,(566,413),absolute(647,487),clickCount=0] on com.example.hexeditor.HexEditorFrame$1[,0,0,1200x416,alignmentX=0.0,alignmentY=0.0,border=,flags=251658568,maximumSize=,minimumSize=,preferredSize=,autoCreateColumnsFromModel=true,autoResizeMode=AUTO_RESIZE_OFF,cellSelectionEnabled=true,editingColumn=-1,editingRow=-1,gridColor=javax.swing.plaf.ColorUIResource[r=122,g=138,b=153],preferredViewportSize=java.awt.Dimension[width=450,height=400],rowHeight=16,rowMargin=1,rowSelectionAllowed=true,selectionBackground=javax.swing.plaf.ColorUIResource[r=184,g=207,b=229],selectionForeground=sun.swing.PrintColorUIResource[r=51,g=51,b=51],showHorizontalLines=true,showVerticalLines=true]
2025-07-17 23:12:24 [AWT-EventQueue-0] ERROR com.example.hexeditor.HexEditorFrame - Ошибка инициализации редактора для файла as java.awt.event.MouseEvent[MOUSE_MOVED,(566,413),absolute(647,487),clickCount=0] on com.example.hexeditor.HexEditorFrame$1[,0,0,1200x416,alignmentX=0.0,alignmentY=0.0,border=,flags=251658568,maximumSize=,minimumSize=,preferredSize=,autoCreateColumnsFromModel=true,autoResizeMode=AUTO_RESIZE_OFF,cellSelectionEnabled=true,editingColumn=-1,editingRow=-1,gridColor=javax.swing.plaf.ColorUIResource[r=122,g=138,b=153],preferredViewportSize=java.awt.Dimension[width=450,height=400],rowHeight=16,rowMargin=1,rowSelectionAllowed=true,selectionBackground=javax.swing.plaf.ColorUIResource[r=184,g=207,b=229],selectionForeground=sun.swing.PrintColorUIResource[r=51,g=51,b=51],showHorizontalLines=true,showVerticalLines=true]
2025-07-17 23:12:24 [AWT-EventQueue-0] ERROR com.example.hexeditor.HexEditorFrame - Ошибка инициализации редактора для файла as java.awt.event.MouseEvent[MOUSE_MOVED,(567,414),absolute(648,488),clickCount=0] on com.example.hexeditor.HexEditorFrame$1[,0,0,1200x416,alignmentX=0.0,alignmentY=0.0,border=,flags=251658568,maximumSize=,minimumSize=,preferredSize=,autoCreateColumnsFromModel=true,autoResizeMode=AUTO_RESIZE_OFF,cellSelectionEnabled=true,editingColumn=-1,editingRow=-1,gridColor=javax.swing.plaf.ColorUIResource[r=122,g=138,b=153],preferredViewportSize=java.awt.Dimension[width=450,height=400],rowHeight=16,rowMargin=1,rowSelectionAllowed=true,selectionBackground=javax.swing.plaf.ColorUIResource[r=184,g=207,b=229],selectionForeground=sun.swing.PrintColorUIResource[r=51,g=51,b=51],showHorizontalLines=true,showVerticalLines=true]
2025-07-17 23:12:24 [AWT-EventQueue-0] ERROR com.example.hexeditor.HexEditorFrame - Ошибка инициализации редактора для файла as java.awt.event.MouseEvent[MOUSE_MOVED,(567,414),absolute(648,488),clickCount=0] on com.example.hexeditor.HexEditorFrame$1[,0,0,1200x416,alignmentX=0.0,alignmentY=0.0,border=,flags=251658568,maximumSize=,minimumSize=,preferredSize=,autoCreateColumnsFromModel=true,autoResizeMode=AUTO_RESIZE_OFF,cellSelectionEnabled=true,editingColumn=-1,editingRow=-1,gridColor=javax.swing.plaf.ColorUIResource[r=122,g=138,b=153],preferredViewportSize=java.awt.Dimension[width=450,height=400],rowHeight=16,rowMargin=1,rowSelectionAllowed=true,selectionBackground=javax.swing.plaf.ColorUIResource[r=184,g=207,b=229],selectionForeground=sun.swing.PrintColorUIResource[r=51,g=51,b=51],showHorizontalLines=true,showVerticalLines=true]
2025-07-17 23:12:24 [AWT-EventQueue-0] ERROR com.example.hexeditor.HexEditorFrame - Ошибка инициализации редактора для файла as java.awt.event.MouseEvent[MOUSE_MOVED,(567,414),absolute(648,488),clickCount=0] on com.example.hexeditor.HexEditorFrame$1[,0,0,1200x416,alignmentX=0.0,alignmentY=0.0,border=,flags=251658568,maximumSize=,minimumSize=,preferredSize=,autoCreateColumnsFromModel=true,autoResizeMode=AUTO_RESIZE_OFF,cellSelectionEnabled=true,editingColumn=-1,editingRow=-1,gridColor=javax.swing.plaf.ColorUIResource[r=122,g=138,b=153],preferredViewportSize=java.awt.Dimension[width=450,height=400],rowHeight=16,rowMargin=1,rowSelectionAllowed=true,selectionBackground=javax.swing.plaf.ColorUIResource[r=184,g=207,b=229],selectionForeground=sun.swing.PrintColorUIResource[r=51,g=51,b=51],showHorizontalLines=true,showVerticalLines=true]
2025-07-17 23:12:24 [AWT-EventQueue-0] ERROR com.example.hexeditor.HexEditorFrame - Ошибка инициализации редактора для файла as java.awt.event.MouseEvent[MOUSE_MOVED,(567,414),absolute(648,488),clickCount=0] on com.example.hexeditor.HexEditorFrame$1[,0,0,1200x416,alignmentX=0.0,alignmentY=0.0,border=,flags=251658568,maximumSize=,minimumSize=,preferredSize=,autoCreateColumnsFromModel=true,autoResizeMode=AUTO_RESIZE_OFF,cellSelectionEnabled=true,editingColumn=-1,editingRow=-1,gridColor=javax.swing.plaf.ColorUIResource[r=122,g=138,b=153],preferredViewportSize=java.awt.Dimension[width=450,height=400],rowHeight=16,rowMargin=1,rowSelectionAllowed=true,selectionBackground=javax.swing.plaf.ColorUIResource[r=184,g=207,b=229],selectionForeground=sun.swing.PrintColorUIResource[r=51,g=51,b=51],showHorizontalLines=true,showVerticalLines=true]
2025-07-17 23:12:24 [AWT-EventQueue-0] ERROR com.example.hexeditor.HexEditorFrame - Ошибка инициализации редактора для файла as java.awt.event.MouseEvent[MOUSE_MOVED,(567,414),absolute(648,488),clickCount=0] on com.example.hexeditor.HexEditorFrame$1[,0,0,1200x416,alignmentX=0.0,alignmentY=0.0,border=,flags=251658568,maximumSize=,minimumSize=,preferredSize=,autoCreateColumnsFromModel=true,autoResizeMode=AUTO_RESIZE_OFF,cellSelectionEnabled=true,editingColumn=-1,editingRow=-1,gridColor=javax.swing.plaf.ColorUIResource[r=122,g=138,b=153],preferredViewportSize=java.awt.Dimension[width=450,height=400],rowHeight=16,rowMargin=1,rowSelectionAllowed=true,selectionBackground=javax.swing.plaf.ColorUIResource[r=184,g=207,b=229],selectionForeground=sun.swing.PrintColorUIResource[r=51,g=51,b=51],showHorizontalLines=true,showVerticalLines=true]
2025-07-17 23:12:24 [AWT-EventQueue-0] ERROR com.example.hexeditor.HexEditorFrame - Ошибка инициализации редактора для файла as java.awt.event.MouseEvent[MOUSE_MOVED,(567,413),absolute(648,487),clickCount=0] on com.example.hexeditor.HexEditorFrame$1[,0,0,1200x416,alignmentX=0.0,alignmentY=0.0,border=,flags=251658568,maximumSize=,minimumSize=,preferredSize=,autoCreateColumnsFromModel=true,autoResizeMode=AUTO_RESIZE_OFF,cellSelectionEnabled=true,editingColumn=-1,editingRow=-1,gridColor=javax.swing.plaf.ColorUIResource[r=122,g=138,b=153],preferredViewportSize=java.awt.Dimension[width=450,height=400],rowHeight=16,rowMargin=1,rowSelectionAllowed=true,selectionBackground=javax.swing.plaf.ColorUIResource[r=184,g=207,b=229],selectionForeground=sun.swing.PrintColorUIResource[r=51,g=51,b=51],showHorizontalLines=true,showVerticalLines=true]
2025-07-17 23:12:24 [AWT-EventQueue-0] ERROR com.example.hexeditor.HexEditorFrame - Ошибка инициализации редактора для файла as java.awt.event.MouseEvent[MOUSE_MOVED,(566,411),absolute(647,485),clickCount=0] on com.example.hexeditor.HexEditorFrame$1[,0,0,1200x416,alignmentX=0.0,alignmentY=0.0,border=,flags=251658568,maximumSize=,minimumSize=,preferredSize=,autoCreateColumnsFromModel=true,autoResizeMode=AUTO_RESIZE_OFF,cellSelectionEnabled=true,editingColumn=-1,editingRow=-1,gridColor=javax.swing.plaf.ColorUIResource[r=122,g=138,b=153],preferredViewportSize=java.awt.Dimension[width=450,height=400],rowHeight=16,rowMargin=1,rowSelectionAllowed=true,selectionBackground=javax.swing.plaf.ColorUIResource[r=184,g=207,b=229],selectionForeground=sun.swing.PrintColorUIResource[r=51,g=51,b=51],showHorizontalLines=true,showVerticalLines=true]
2025-07-17 23:12:24 [AWT-EventQueue-0] ERROR com.example.hexeditor.HexEditorFrame - Ошибка инициализации редактора для файла as java.awt.event.MouseEvent[MOUSE_MOVED,(564,407),absolute(645,481),clickCount=0] on com.example.hexeditor.HexEditorFrame$1[,0,0,1200x416,alignmentX=0.0,alignmentY=0.0,border=,flags=251658568,maximumSize=,minimumSize=,preferredSize=,autoCreateColumnsFromModel=true,autoResizeMode=AUTO_RESIZE_OFF,cellSelectionEnabled=true,editingColumn=-1,editingRow=-1,gridColor=javax.swing.plaf.ColorUIResource[r=122,g=138,b=153],preferredViewportSize=java.awt.Dimension[width=450,height=400],rowHeight=16,rowMargin=1,rowSelectionAllowed=true,selectionBackground=javax.swing.plaf.ColorUIResource[r=184,g=207,b=229],selectionForeground=sun.swing.PrintColorUIResource[r=51,g=51,b=51],showHorizontalLines=true,showVerticalLines=true]
2025-07-17 23:12:24 [AWT-EventQueue-0] ERROR com.example.hexeditor.HexEditorFrame - Ошибка инициализации редактора для файла as java.awt.event.MouseEvent[MOUSE_MOVED,(563,404),absolute(644,478),clickCount=0] on com.example.hexeditor.HexEditorFrame$1[,0,0,1200x416,alignmentX=0.0,alignmentY=0.0,border=,flags=251658568,maximumSize=,minimumSize=,preferredSize=,autoCreateColumnsFromModel=true,autoResizeMode=AUTO_RESIZE_OFF,cellSelectionEnabled=true,editingColumn=-1,editingRow=-1,gridColor=javax.swing.plaf.ColorUIResource[r=122,g=138,b=153],preferredViewportSize=java.awt.Dimension[width=450,height=400],rowHeight=16,rowMargin=1,rowSelectionAllowed=true,selectionBackground=javax.swing.plaf.ColorUIResource[r=184,g=207,b=229],selectionForeground=sun.swing.PrintColorUIResource[r=51,g=51,b=51],showHorizontalLines=true,showVerticalLines=true]
2025-07-17 23:12:24 [AWT-EventQueue-0] ERROR com.example.hexeditor.HexEditorFrame - Ошибка инициализации редактора для файла as java.awt.event.MouseEvent[MOUSE_MOVED,(561,402),absolute(642,476),clickCount=0] on com.example.hexeditor.HexEditorFrame$1[,0,0,1200x416,alignmentX=0.0,alignmentY=0.0,border=,flags=251658568,maximumSize=,minimumSize=,preferredSize=,autoCreateColumnsFromModel=true,autoResizeMode=AUTO_RESIZE_OFF,cellSelectionEnabled=true,editingColumn=-1,editingRow=-1,gridColor=javax.swing.plaf.ColorUIResource[r=122,g=138,b=153],preferredViewportSize=java.awt.Dimension[width=450,height=400],rowHeight=16,rowMargin=1,rowSelectionAllowed=true,selectionBackground=javax.swing.plaf.ColorUIResource[r=184,g=207,b=229],selectionForeground=sun.swing.PrintColorUIResource[r=51,g=51,b=51],showHorizontalLines=true,showVerticalLines=true]
2025-07-17 23:12:24 [AWT-EventQueue-0] ERROR com.example.hexeditor.HexEditorFrame - Ошибка инициализации редактора для файла as java.awt.event.MouseEvent[MOUSE_MOVED,(560,400),absolute(641,474),clickCount=0] on com.example.hexeditor.HexEditorFrame$1[,0,0,1200x416,alignmentX=0.0,alignmentY=0.0,border=,flags=251658568,maximumSize=,minimumSize=,preferredSize=,autoCreateColumnsFromModel=true,autoResizeMode=AUTO_RESIZE_OFF,cellSelectionEnabled=true,editingColumn=-1,editingRow=-1,gridColor=javax.swing.plaf.ColorUIResource[r=122,g=138,b=153],preferredViewportSize=java.awt.Dimension[width=450,height=400],rowHeight=16,rowMargin=1,rowSelectionAllowed=true,selectionBackground=javax.swing.plaf.ColorUIResource[r=184,g=207,b=229],selectionForeground=sun.swing.PrintColorUIResource[r=51,g=51,b=51],showHorizontalLines=true,showVerticalLines=true]
2025-07-17 23:12:24 [AWT-EventQueue-0] INFO  com.example.hexeditor.HexEditorFrame - Файл успешно загружен: as (размер: 405 байт)
2025-07-17 23:12:24 [AWT-EventQueue-0] INFO  com.example.hexeditor.HexEditorFrame - Файл успешно загружен: as (размер: 405 байт)
2025-07-17 23:12:24 [AWT-EventQueue-0] INFO  com.example.hexeditor.HexEditorFrame - Файл успешно загружен: as (размер: 405 байт)
2025-07-17 23:12:24 [AWT-EventQueue-0] INFO  com.example.hexeditor.HexEditorFrame - Файл успешно загружен: as (размер: 405 байт)
2025-07-17 23:12:24 [AWT-EventQueue-0] INFO  com.example.hexeditor.HexEditorFrame - Файл успешно загружен: as (размер: 405 байт)
2025-07-17 23:12:24 [AWT-EventQueue-0] INFO  com.example.hexeditor.HexEditorFrame - Файл успешно загружен: as (размер: 405 байт)
2025-07-17 23:12:24 [AWT-EventQueue-0] INFO  com.example.hexeditor.HexEditorFrame - Файл успешно загружен: as (размер: 405 байт)
2025-07-17 23:12:24 [AWT-EventQueue-0] INFO  com.example.hexeditor.HexEditorFrame - Файл успешно загружен: as (размер: 405 байт)
2025-07-17 23:12:24 [AWT-EventQueue-0] INFO  com.example.hexeditor.HexEditorFrame - Файл успешно загружен: as (размер: 405 байт)
2025-07-17 23:12:24 [AWT-EventQueue-0] INFO  com.example.hexeditor.HexEditorFrame - Файл успешно загружен: as (размер: 405 байт)
2025-07-17 23:12:24 [AWT-EventQueue-0] INFO  com.example.hexeditor.HexEditorFrame - Файл успешно загружен: as (размер: 405 байт)
2025-07-17 23:12:24 [AWT-EventQueue-0] INFO  com.example.hexeditor.HexEditorFrame - Файл успешно загружен: as (размер: 405 байт)
2025-07-17 23:12:24 [AWT-EventQueue-0] INFO  com.example.hexeditor.HexEditorFrame - Файл успешно загружен: as (размер: 405 байт)
2025-07-17 23:12:24 [AWT-EventQueue-0] INFO  com.example.hexeditor.HexEditorFrame - Файл успешно загружен: as (размер: 405 байт)
2025-07-17 23:12:24 [AWT-EventQueue-0] INFO  com.example.hexeditor.HexEditorFrame - Файл успешно загружен: as (размер: 405 байт)
2025-07-17 23:12:24 [AWT-EventQueue-0] INFO  com.example.hexeditor.HexEditorFrame - Файл успешно загружен: as (размер: 405 байт)
2025-07-17 23:12:24 [AWT-EventQueue-0] INFO  com.example.hexeditor.HexEditorFrame - Файл успешно загружен: as (размер: 405 байт)
2025-07-17 23:12:24 [AWT-EventQueue-0] INFO  com.example.hexeditor.HexEditorFrame - Файл успешно загружен: as (размер: 405 байт)
2025-07-17 23:12:24 [AWT-EventQueue-0] INFO  com.example.hexeditor.HexEditorFrame - Файл успешно загружен: as (размер: 405 байт)
2025-07-17 23:12:24 [AWT-EventQueue-0] INFO  com.example.hexeditor.HexEditorFrame - Файл успешно загружен: as (размер: 405 байт)
2025-07-17 23:12:24 [AWT-EventQueue-0] INFO  com.example.hexeditor.HexEditorFrame - Файл успешно загружен: as (размер: 405 байт)
2025-07-17 23:12:24 [AWT-EventQueue-0] INFO  com.example.hexeditor.HexEditorFrame - Файл успешно загружен: as (размер: 405 байт)
2025-07-17 23:12:24 [AWT-EventQueue-0] INFO  com.example.hexeditor.HexEditorFrame - Файл успешно загружен: as (размер: 405 байт)
2025-07-17 23:12:24 [AWT-EventQueue-0] INFO  com.example.hexeditor.HexEditorFrame - Файл успешно загружен: as (размер: 405 байт)
2025-07-17 23:12:24 [AWT-EventQueue-0] INFO  com.example.hexeditor.HexEditorFrame - Файл успешно загружен: as (размер: 405 байт)
2025-07-17 23:12:24 [AWT-EventQueue-0] INFO  com.example.hexeditor.HexEditorFrame - Файл успешно загружен: as (размер: 405 байт)
2025-07-17 23:12:24 [AWT-EventQueue-0] INFO  com.example.hexeditor.HexEditorFrame - Файл успешно загружен: as (размер: 405 байт)
2025-07-17 23:12:24 [AWT-EventQueue-0] INFO  com.example.hexeditor.HexEditorFrame - Файл успешно загружен: as (размер: 405 байт)
2025-07-17 23:12:24 [AWT-EventQueue-0] INFO  com.example.hexeditor.HexEditorFrame - Файл успешно загружен: as (размер: 405 байт)
2025-07-17 23:12:24 [AWT-EventQueue-0] INFO  com.example.hexeditor.HexEditorFrame - Файл успешно загружен: as (размер: 405 байт)
2025-07-17 23:12:24 [AWT-EventQueue-0] INFO  com.example.hexeditor.HexEditorFrame - Файл успешно загружен: as (размер: 405 байт)
2025-07-17 23:12:24 [AWT-EventQueue-0] INFO  com.example.hexeditor.HexEditorFrame - Файл успешно загружен: as (размер: 405 байт)
2025-07-17 23:12:24 [AWT-EventQueue-0] INFO  com.example.hexeditor.HexEditorFrame - Файл успешно загружен: as (размер: 405 байт)
2025-07-17 23:12:24 [AWT-EventQueue-0] INFO  com.example.hexeditor.HexEditorFrame - Файл успешно загружен: as (размер: 405 байт)
2025-07-17 23:12:24 [AWT-EventQueue-0] INFO  com.example.hexeditor.HexEditorFrame - Файл успешно загружен: as (размер: 405 байт)
2025-07-17 23:12:24 [AWT-EventQueue-0] INFO  com.example.hexeditor.HexEditorFrame - Файл успешно загружен: as (размер: 405 байт)
2025-07-17 23:12:24 [AWT-EventQueue-0] INFO  com.example.hexeditor.HexEditorFrame - Файл успешно загружен: as (размер: 405 байт)
2025-07-17 23:12:24 [AWT-EventQueue-0] INFO  com.example.hexeditor.HexEditorFrame - Файл успешно загружен: as (размер: 405 байт)
2025-07-17 23:12:24 [AWT-EventQueue-0] INFO  com.example.hexeditor.HexEditorFrame - Файл успешно загружен: as (размер: 405 байт)
2025-07-17 23:12:24 [AWT-EventQueue-0] INFO  com.example.hexeditor.HexEditorFrame - Файл успешно загружен: as (размер: 405 байт)
2025-07-17 23:12:24 [AWT-EventQueue-0] INFO  com.example.hexeditor.HexEditorFrame - Файл успешно загружен: as (размер: 405 байт)
2025-07-17 23:12:24 [AWT-EventQueue-0] INFO  com.example.hexeditor.HexEditorFrame - Файл успешно загружен: as (размер: 405 байт)
2025-07-17 23:12:24 [AWT-EventQueue-0] INFO  com.example.hexeditor.HexEditorFrame - Файл успешно загружен: as (размер: 405 байт)
2025-07-17 23:12:24 [AWT-EventQueue-0] INFO  com.example.hexeditor.HexEditorFrame - Файл успешно загружен: as (размер: 405 байт)
2025-07-17 23:12:25 [AWT-EventQueue-0] INFO  com.example.hexeditor.HexEditorFrame - Файл успешно загружен: as (размер: 405 байт)
2025-07-17 23:12:25 [AWT-EventQueue-0] INFO  com.example.hexeditor.HexEditorFrame - Файл успешно загружен: as (размер: 405 байт)
2025-07-17 23:12:25 [AWT-EventQueue-0] INFO  com.example.hexeditor.HexEditorFrame - Файл успешно загружен: as (размер: 405 байт)
2025-07-17 23:12:25 [AWT-EventQueue-0] INFO  com.example.hexeditor.HexEditorFrame - Файл успешно загружен: as (размер: 405 байт)
2025-07-17 23:12:25 [AWT-EventQueue-0] INFO  com.example.hexeditor.HexEditorFrame - Файл успешно загружен: as (размер: 405 байт)
2025-07-17 23:12:25 [AWT-EventQueue-0] INFO  com.example.hexeditor.HexEditorFrame - Файл успешно загружен: as (размер: 405 байт)
2025-07-17 23:12:25 [AWT-EventQueue-0] INFO  com.example.hexeditor.HexEditorFrame - Файл успешно загружен: as (размер: 405 байт)
2025-07-17 23:12:25 [AWT-EventQueue-0] INFO  com.example.hexeditor.HexEditorFrame - Файл успешно загружен: as (размер: 405 байт)
2025-07-17 23:12:25 [AWT-EventQueue-0] INFO  com.example.hexeditor.HexEditorFrame - Файл успешно загружен: as (размер: 405 байт)
2025-07-17 23:12:25 [AWT-EventQueue-0] INFO  com.example.hexeditor.HexEditorFrame - Файл успешно загружен: as (размер: 405 байт)
2025-07-17 23:12:25 [AWT-EventQueue-0] INFO  com.example.hexeditor.HexEditorFrame - Файл успешно загружен: as (размер: 405 байт)
2025-07-17 23:12:25 [AWT-EventQueue-0] INFO  com.example.hexeditor.HexEditorFrame - Файл успешно загружен: as (размер: 405 байт)
2025-07-17 23:12:25 [AWT-EventQueue-0] INFO  com.example.hexeditor.HexEditorFrame - Файл успешно загружен: as (размер: 405 байт)
2025-07-17 23:12:25 [AWT-EventQueue-0] INFO  com.example.hexeditor.HexEditorFrame - Файл успешно загружен: as (размер: 405 байт)
2025-07-17 23:12:25 [AWT-EventQueue-0] INFO  com.example.hexeditor.HexEditorFrame - Файл успешно загружен: as (размер: 405 байт)
2025-07-17 23:12:25 [AWT-EventQueue-0] INFO  com.example.hexeditor.HexEditorFrame - Файл успешно загружен: as (размер: 405 байт)
2025-07-17 23:12:25 [AWT-EventQueue-0] INFO  com.example.hexeditor.HexEditorFrame - Файл успешно загружен: as (размер: 405 байт)
2025-07-17 23:12:25 [AWT-EventQueue-0] INFO  com.example.hexeditor.HexEditorFrame - Файл успешно загружен: as (размер: 405 байт)
2025-07-17 23:12:25 [AWT-EventQueue-0] INFO  com.example.hexeditor.HexEditorFrame - Файл успешно загружен: as (размер: 405 байт)
2025-07-17 23:12:25 [AWT-EventQueue-0] INFO  com.example.hexeditor.HexEditorFrame - Файл успешно загружен: as (размер: 405 байт)
2025-07-17 23:12:25 [AWT-EventQueue-0] INFO  com.example.hexeditor.HexEditorFrame - Файл успешно загружен: as (размер: 405 байт)
2025-07-17 23:12:25 [AWT-EventQueue-0] INFO  com.example.hexeditor.HexEditorFrame - Файл успешно загружен: as (размер: 405 байт)
2025-07-17 23:12:25 [AWT-EventQueue-0] INFO  com.example.hexeditor.HexEditorFrame - Файл успешно загружен: as (размер: 405 байт)
2025-07-17 23:12:25 [AWT-EventQueue-0] INFO  com.example.hexeditor.HexEditorFrame - Файл успешно загружен: as (размер: 405 байт)
2025-07-17 23:12:25 [AWT-EventQueue-0] INFO  com.example.hexeditor.HexEditorFrame - Файл успешно загружен: as (размер: 405 байт)
2025-07-17 23:12:25 [AWT-EventQueue-0] INFO  com.example.hexeditor.HexEditorFrame - Файл успешно загружен: as (размер: 405 байт)
2025-07-17 23:12:25 [AWT-EventQueue-0] INFO  com.example.hexeditor.HexEditorFrame - Файл успешно загружен: as (размер: 405 байт)
2025-07-17 23:12:25 [AWT-EventQueue-0] INFO  com.example.hexeditor.HexEditorFrame - Файл успешно загружен: as (размер: 405 байт)
2025-07-17 23:12:26 [AWT-EventQueue-0] INFO  com.example.hexeditor.HexEditorFrame - Файл успешно загружен: as (размер: 405 байт)
2025-07-17 23:12:28 [AWT-EventQueue-0] DEBUG com.example.hexeditor.HexEditorFrame - Получение выбранных байт (строк: 22, колонок: 3)
2025-07-17 23:12:30 [AWT-EventQueue-0] INFO  com.example.hexeditor.HexEditorFrame - Файл успешно загружен: as (размер: 405 байт)
2025-07-25 00:35:59 [AWT-EventQueue-0] INFO  com.example.hexeditor.HexEditorFrame - Создание HexEditorFrame для файла: /Users/rodiongorcatov/as
2025-07-25 00:35:59 [AWT-EventQueue-0] DEBUG com.example.hexeditor.HexEditorFrame - Инициализация редактора...
2025-07-25 00:35:59 [AWT-EventQueue-0] INFO  com.example.hexeditor.HexFileModel - Файл открыт: /Users/rodiongorcatov/as (размер: 0 байт)
2025-07-25 00:36:18 [AWT-EventQueue-0] DEBUG com.example.hexeditor.HexEditorFrame - Инициализация редактора...
2025-07-25 00:36:18 [AWT-EventQueue-0] INFO  com.example.hexeditor.HexFileModel - Файл открыт: /Users/rodiongorcatov/Downloads/desktop.ini (размер: 282 байт)
2025-07-25 00:36:19 [AWT-EventQueue-0] DEBUG com.example.hexeditor.HexEditorFrame - Получение выбранных байт (строк: 0, колонок: 0)
2025-07-25 00:36:19 [AWT-EventQueue-0] DEBUG com.example.hexeditor.HexEditorFrame - Получение выбранных байт (строк: 0, колонок: 1)
2025-07-25 00:36:19 [AWT-EventQueue-0] DEBUG com.example.hexeditor.HexEditorFrame - Отображение данных: int16: 0  uint16: 0  int32: 0  uint32: 0  float: 0,000000  int64: 0  double: 0,0000000000000000E+00
2025-07-25 00:36:19 [AWT-EventQueue-0] DEBUG com.example.hexeditor.HexEditorFrame - Получение выбранных байт (строк: 14, колонок: 1)
2025-07-25 00:36:19 [AWT-EventQueue-0] DEBUG com.example.hexeditor.HexEditorFrame - Отображение данных: int16: 0  uint16: 0  int32: 0  uint32: 0  float: 0,000000  int64: 0  double: 0,0000000000000000E+00
2025-07-25 00:36:19 [AWT-EventQueue-0] DEBUG com.example.hexeditor.HexEditorFrame - Получение выбранных байт (строк: 15, колонок: 1)
2025-07-25 00:36:19 [AWT-EventQueue-0] DEBUG com.example.hexeditor.HexEditorFrame - Отображение данных: int16: 0  uint16: 0  int32: 0  uint32: 0  float: 0,000000  int64: 0  double: 0,0000000000000000E+00
2025-07-25 00:36:19 [AWT-EventQueue-0] DEBUG com.example.hexeditor.HexEditorFrame - Получение выбранных байт (строк: 16, колонок: 1)
2025-07-25 00:36:19 [AWT-EventQueue-0] DEBUG com.example.hexeditor.HexEditorFrame - Отображение данных: int16: 10  uint16: 10  int32: 4390922  uint32: 4390922  float: 0,000000  int64: 30399774230511626  double: 1,2461167347487370E-306
2025-07-25 00:36:19 [AWT-EventQueue-0] DEBUG com.example.hexeditor.HexEditorFrame - Получение выбранных байт (строк: 16, колонок: 2)
2025-07-25 00:36:19 [AWT-EventQueue-0] DEBUG com.example.hexeditor.HexEditorFrame - Отображение данных: int16: 10  uint16: 10  int32: 4390922  uint32: 4390922  float: 0,000000  int64: 30399774230511626  double: 1,2461167347487370E-306
2025-07-25 00:36:20 [AWT-EventQueue-0] DEBUG com.example.hexeditor.HexEditorFrame - Получение выбранных байт (строк: 17, колонок: 2)
2025-07-25 00:36:20 [AWT-EventQueue-0] DEBUG com.example.hexeditor.HexEditorFrame - Отображение данных: int16: 0  uint16: 0  int32: 0  uint32: 0  float: 0,000000  int64: 0  double: 0,0000000000000000E+00
2025-07-25 00:36:20 [AWT-EventQueue-0] DEBUG com.example.hexeditor.HexEditorFrame - Получение выбранных байт (строк: 17, колонок: 1)
2025-07-25 00:36:20 [AWT-EventQueue-0] DEBUG com.example.hexeditor.HexEditorFrame - Отображение данных: int16: 0  uint16: 0  int32: 0  uint32: 0  float: 0,000000  int64: 0  double: 0,0000000000000000E+00
2025-07-25 00:36:20 [AWT-EventQueue-0] DEBUG com.example.hexeditor.HexEditorFrame - Получение выбранных байт (строк: 17, колонок: 1)
2025-07-25 00:36:20 [AWT-EventQueue-0] DEBUG com.example.hexeditor.HexEditorFrame - Отображение данных: int16: 0  uint16: 0  int32: 0  uint32: 0  float: 0,000000  int64: 0  double: 0,0000000000000000E+00
2025-07-25 00:36:20 [AWT-EventQueue-0] DEBUG com.example.hexeditor.HexEditorFrame - Получение выбранных байт (строк: 17, колонок: 1)
2025-07-25 00:36:20 [AWT-EventQueue-0] DEBUG com.example.hexeditor.HexEditorFrame - Отображение данных: int16: 27739  uint16: 27739  int32: 1767730267  uint32: 1767730267  float: 16730268773043355000000000,000000  int64: 8749717225538939995  double: 8,0988710134196840E+276
2025-07-25 00:36:20 [AWT-EventQueue-0] DEBUG com.example.hexeditor.HexEditorFrame - Получение выбранных байт (строк: 17, колонок: 1)
2025-07-25 00:36:20 [AWT-EventQueue-0] DEBUG com.example.hexeditor.HexEditorFrame - Отображение данных: 
2025-07-25 00:36:20 [AWT-EventQueue-0] DEBUG com.example.hexeditor.HexEditorFrame - Получение выбранных байт (строк: 1, колонок: 1)
2025-07-25 00:36:20 [AWT-EventQueue-0] DEBUG com.example.hexeditor.HexEditorFrame - Отображение данных: 
2025-07-25 00:36:20 [AWT-EventQueue-0] DEBUG com.example.hexeditor.HexEditorFrame - Получение выбранных байт (строк: 1, колонок: 1)
2025-07-25 00:36:20 [AWT-EventQueue-0] DEBUG com.example.hexeditor.HexEditorFrame - Отображение данных: 
2025-07-25 00:36:21 [AWT-EventQueue-0] DEBUG com.example.hexeditor.HexEditorFrame - Получение выбранных байт (строк: 1, колонок: 1)
2025-07-25 00:36:21 [AWT-EventQueue-0] DEBUG com.example.hexeditor.HexEditorFrame - Отображение данных: 
2025-07-25 00:36:21 [AWT-EventQueue-0] DEBUG com.example.hexeditor.HexEditorFrame - Получение выбранных байт (строк: 1, колонок: 1)
2025-07-25 00:36:21 [AWT-EventQueue-0] DEBUG com.example.hexeditor.HexEditorFrame - Отображение данных: 
2025-07-25 00:36:21 [AWT-EventQueue-0] DEBUG com.example.hexeditor.HexEditorFrame - Получение выбранных байт (строк: 1, колонок: 1)
2025-07-25 00:36:21 [AWT-EventQueue-0] DEBUG com.example.hexeditor.HexEditorFrame - Отображение данных: int16: 30976  uint16: 30976  
2025-07-25 00:36:21 [AWT-EventQueue-0] DEBUG com.example.hexeditor.HexEditorFrame - Получение выбранных байт (строк: 1, колонок: 2)
2025-07-25 00:36:21 [AWT-EventQueue-0] DEBUG com.example.hexeditor.HexEditorFrame - Отображение данных: int16: 30976  uint16: 30976  
2025-07-25 00:36:21 [AWT-EventQueue-0] DEBUG com.example.hexeditor.HexEditorFrame - Получение выбранных байт (строк: 1, колонок: 3)
2025-07-25 00:36:21 [AWT-EventQueue-0] DEBUG com.example.hexeditor.HexEditorFrame - Отображение данных: int16: 30976  uint16: 30976  int32: 1929410816  uint32: 1929410816  float: 10178652488014218000000000000000,000000  
2025-07-25 00:36:21 [AWT-EventQueue-0] DEBUG com.example.hexeditor.HexEditorFrame - Получение выбранных байт (строк: 1, колонок: 4)
2025-07-25 00:36:21 [AWT-EventQueue-0] DEBUG com.example.hexeditor.HexEditorFrame - Отображение данных: int16: 30976  uint16: 30976  int32: 1929410816  uint32: 1929410816  float: 10178652488014218000000000000000,000000  int64: 7854393200784472320  double: 1,1314094158250438E+217
2025-07-25 00:36:21 [AWT-EventQueue-0] DEBUG com.example.hexeditor.HexEditorFrame - Получение выбранных байт (строк: 2, колонок: 4)
2025-07-25 00:36:21 [AWT-EventQueue-0] DEBUG com.example.hexeditor.HexEditorFrame - Отображение данных: int16: 30976  uint16: 30976  int32: 1929410816  uint32: 1929410816  float: 10178652488014218000000000000000,000000  int64: 29554874484029696  double: 1,1125372342953930E-306
2025-07-25 00:36:21 [AWT-EventQueue-0] DEBUG com.example.hexeditor.HexEditorFrame - Получение выбранных байт (строк: 2, колонок: 5)
2025-07-25 00:36:21 [AWT-EventQueue-0] DEBUG com.example.hexeditor.HexEditorFrame - Отображение данных: int16: 30976  uint16: 30976  int32: 1929410816  uint32: 1929410816  float: 10178652488014218000000000000000,000000  int64: 29554874484029696  double: 1,1125372342953930E-306
2025-07-25 00:36:22 [AWT-EventQueue-0] DEBUG com.example.hexeditor.HexEditorFrame - Получение выбранных байт (строк: 3, колонок: 5)
2025-07-25 00:36:22 [AWT-EventQueue-0] DEBUG com.example.hexeditor.HexEditorFrame - Отображение данных: int16: 30976  uint16: 30976  int32: 1929410816  uint32: 1929410816  float: 10178652488014218000000000000000,000000  int64: 7566174919260666112  double: 6,1494425240143700E+197
2025-07-25 00:36:22 [AWT-EventQueue-0] DEBUG com.example.hexeditor.HexEditorFrame - Получение выбранных байт (строк: 3, колонок: 6)
2025-07-25 00:36:22 [AWT-EventQueue-0] DEBUG com.example.hexeditor.HexEditorFrame - Отображение данных: int16: 30976  uint16: 30976  int32: 1929410816  uint32: 1929410816  float: 10178652488014218000000000000000,000000  int64: 7566174919260666112  double: 6,1494425240143700E+197
2025-07-25 00:36:22 [AWT-EventQueue-0] DEBUG com.example.hexeditor.HexEditorFrame - Получение выбранных байт (строк: 4, колонок: 6)
2025-07-25 00:36:22 [AWT-EventQueue-0] DEBUG com.example.hexeditor.HexEditorFrame - Отображение данных: int16: 30976  uint16: 30976  int32: 1929410816  uint32: 1929410816  float: 10178652488014218000000000000000,000000  int64: 127545278232832  double: 6,3015740264105600E-310
2025-07-25 00:36:22 [AWT-EventQueue-0] DEBUG com.example.hexeditor.HexEditorFrame - Получение выбранных байт (строк: 4, колонок: 7)
2025-07-25 00:36:22 [AWT-EventQueue-0] DEBUG com.example.hexeditor.HexEditorFrame - Отображение данных: int16: 30976  uint16: 30976  int32: 1929410816  uint32: 1929410816  float: 10178652488014218000000000000000,000000  int64: 127545278232832  double: 6,3015740264105600E-310
2025-07-25 00:36:22 [AWT-EventQueue-0] DEBUG com.example.hexeditor.HexEditorFrame - Получение выбранных байт (строк: 4, колонок: 7)
2025-07-25 00:36:22 [AWT-EventQueue-0] DEBUG com.example.hexeditor.HexEditorFrame - Отображение данных: int16: 30976  uint16: 30976  int32: 1929410816  uint32: 1929410816  float: 10178652488014218000000000000000,000000  int64: 127545278232832  double: 6,3015740264105600E-310
2025-07-25 00:36:24 [AWT-EventQueue-0] DEBUG com.example.hexeditor.HexEditorFrame - Получение выбранных байт (строк: 4, колонок: 7)
2025-07-25 00:36:24 [AWT-EventQueue-0] WARN  com.example.hexeditor.HexEditorFrame - Ошибка обновления статуса
java.io.EOFException: null
	at java.base/java.io.RandomAccessFile.readUnsignedByte(RandomAccessFile.java:873)
	at java.base/java.io.RandomAccessFile.readByte(RandomAccessFile.java:854)
	at com.example.hexeditor.HexFileModel.readByte(HexFileModel.java:37)
	at com.example.hexeditor.HexEditorFrame.getSelectedBytes(HexEditorFrame.java:481)
	at com.example.hexeditor.HexEditorFrame.updateStatus(HexEditorFrame.java:508)
	at com.example.hexeditor.HexEditorFrame.lambda$initializeEditor$1(HexEditorFrame.java:123)
	at java.desktop/javax.swing.DefaultListSelectionModel.fireValueChanged(DefaultListSelectionModel.java:231)
	at java.desktop/javax.swing.DefaultListSelectionModel.fireValueChanged(DefaultListSelectionModel.java:206)
	at java.desktop/javax.swing.DefaultListSelectionModel.fireValueChanged(DefaultListSelectionModel.java:258)
	at java.desktop/javax.swing.DefaultListSelectionModel.changeSelection(DefaultListSelectionModel.java:459)
	at java.desktop/javax.swing.DefaultListSelectionModel.changeSelection(DefaultListSelectionModel.java:469)
	at java.desktop/javax.swing.DefaultListSelectionModel.setSelectionInterval(DefaultListSelectionModel.java:513)
	at java.desktop/javax.swing.JTable.changeSelectionModel(JTable.java:2441)
	at java.desktop/javax.swing.JTable.changeSelection(JTable.java:2508)
	at java.desktop/javax.swing.plaf.basic.BasicTableUI$Handler.adjustSelection(BasicTableUI.java:1145)
	at java.desktop/javax.swing.plaf.basic.BasicTableUI$Handler.mousePressed(BasicTableUI.java:1068)
	at java.desktop/javax.swing.plaf.basic.BasicTableUI$MouseInputHandler.mousePressed(BasicTableUI.java:830)
	at java.desktop/java.awt.AWTEventMulticaster.mousePressed(AWTEventMulticaster.java:288)
	at java.desktop/java.awt.Component.processMouseEvent(Component.java:6618)
	at java.desktop/javax.swing.JComponent.processMouseEvent(JComponent.java:3404)
	at java.desktop/java.awt.Component.processEvent(Component.java:6386)
	at java.desktop/java.awt.Container.processEvent(Container.java:2266)
	at java.desktop/java.awt.Component.dispatchEventImpl(Component.java:4996)
	at java.desktop/java.awt.Container.dispatchEventImpl(Container.java:2324)
	at java.desktop/java.awt.Component.dispatchEvent(Component.java:4828)
	at java.desktop/java.awt.LightweightDispatcher.retargetMouseEvent(Container.java:4948)
	at java.desktop/java.awt.LightweightDispatcher.processMouseEvent(Container.java:4572)
	at java.desktop/java.awt.LightweightDispatcher.dispatchEvent(Container.java:4516)
	at java.desktop/java.awt.Container.dispatchEventImpl(Container.java:2310)
	at java.desktop/java.awt.Window.dispatchEventImpl(Window.java:2780)
	at java.desktop/java.awt.Component.dispatchEvent(Component.java:4828)
	at java.desktop/java.awt.EventQueue.dispatchEventImpl(EventQueue.java:775)
	at java.desktop/java.awt.EventQueue$4.run(EventQueue.java:720)
	at java.desktop/java.awt.EventQueue$4.run(EventQueue.java:714)
	at java.base/java.security.AccessController.doPrivileged(AccessController.java:400)
	at java.base/java.security.ProtectionDomain$JavaSecurityAccessImpl.doIntersectionPrivilege(ProtectionDomain.java:87)
	at java.base/java.security.ProtectionDomain$JavaSecurityAccessImpl.doIntersectionPrivilege(ProtectionDomain.java:98)
	at java.desktop/java.awt.EventQueue$5.run(EventQueue.java:747)
	at java.desktop/java.awt.EventQueue$5.run(EventQueue.java:745)
	at java.base/java.security.AccessController.doPrivileged(AccessController.java:400)
	at java.base/java.security.ProtectionDomain$JavaSecurityAccessImpl.doIntersectionPrivilege(ProtectionDomain.java:87)
	at java.desktop/java.awt.EventQueue.dispatchEvent(EventQueue.java:744)
	at java.desktop/java.awt.EventDispatchThread.pumpOneEventForFilters(EventDispatchThread.java:203)
	at java.desktop/java.awt.EventDispatchThread.pumpEventsForFilter(EventDispatchThread.java:124)
	at java.desktop/java.awt.EventDispatchThread.pumpEventsForHierarchy(EventDispatchThread.java:113)
	at java.desktop/java.awt.EventDispatchThread.pumpEvents(EventDispatchThread.java:109)
	at java.desktop/java.awt.EventDispatchThread.pumpEvents(EventDispatchThread.java:101)
	at java.desktop/java.awt.EventDispatchThread.run(EventDispatchThread.java:90)
2025-07-25 00:36:24 [AWT-EventQueue-0] DEBUG com.example.hexeditor.HexEditorFrame - Получение выбранных байт (строк: 4, колонок: 1)
2025-07-25 00:36:24 [AWT-EventQueue-0] WARN  com.example.hexeditor.HexEditorFrame - Ошибка обновления статуса
java.io.EOFException: null
	at java.base/java.io.RandomAccessFile.readUnsignedByte(RandomAccessFile.java:873)
	at java.base/java.io.RandomAccessFile.readByte(RandomAccessFile.java:854)
	at com.example.hexeditor.HexFileModel.readByte(HexFileModel.java:37)
	at com.example.hexeditor.HexEditorFrame.getSelectedBytes(HexEditorFrame.java:481)
	at com.example.hexeditor.HexEditorFrame.updateStatus(HexEditorFrame.java:508)
	at com.example.hexeditor.HexEditorFrame.lambda$initializeEditor$0(HexEditorFrame.java:122)
	at java.desktop/javax.swing.DefaultListSelectionModel.fireValueChanged(DefaultListSelectionModel.java:231)
	at java.desktop/javax.swing.DefaultListSelectionModel.fireValueChanged(DefaultListSelectionModel.java:206)
	at java.desktop/javax.swing.DefaultListSelectionModel.fireValueChanged(DefaultListSelectionModel.java:258)
	at java.desktop/javax.swing.DefaultListSelectionModel.changeSelection(DefaultListSelectionModel.java:459)
	at java.desktop/javax.swing.DefaultListSelectionModel.changeSelection(DefaultListSelectionModel.java:469)
	at java.desktop/javax.swing.DefaultListSelectionModel.setSelectionInterval(DefaultListSelectionModel.java:513)
	at java.desktop/javax.swing.JTable.changeSelectionModel(JTable.java:2441)
	at java.desktop/javax.swing.JTable.changeSelection(JTable.java:2510)
	at java.desktop/javax.swing.plaf.basic.BasicTableUI$Handler.adjustSelection(BasicTableUI.java:1145)
	at java.desktop/javax.swing.plaf.basic.BasicTableUI$Handler.mousePressed(BasicTableUI.java:1068)
	at java.desktop/javax.swing.plaf.basic.BasicTableUI$MouseInputHandler.mousePressed(BasicTableUI.java:830)
	at java.desktop/java.awt.AWTEventMulticaster.mousePressed(AWTEventMulticaster.java:288)
	at java.desktop/java.awt.Component.processMouseEvent(Component.java:6618)
	at java.desktop/javax.swing.JComponent.processMouseEvent(JComponent.java:3404)
	at java.desktop/java.awt.Component.processEvent(Component.java:6386)
	at java.desktop/java.awt.Container.processEvent(Container.java:2266)
	at java.desktop/java.awt.Component.dispatchEventImpl(Component.java:4996)
	at java.desktop/java.awt.Container.dispatchEventImpl(Container.java:2324)
	at java.desktop/java.awt.Component.dispatchEvent(Component.java:4828)
	at java.desktop/java.awt.LightweightDispatcher.retargetMouseEvent(Container.java:4948)
	at java.desktop/java.awt.LightweightDispatcher.processMouseEvent(Container.java:4572)
	at java.desktop/java.awt.LightweightDispatcher.dispatchEvent(Container.java:4516)
	at java.desktop/java.awt.Container.dispatchEventImpl(Container.java:2310)
	at java.desktop/java.awt.Window.dispatchEventImpl(Window.java:2780)
	at java.desktop/java.awt.Component.dispatchEvent(Component.java:4828)
	at java.desktop/java.awt.EventQueue.dispatchEventImpl(EventQueue.java:775)
	at java.desktop/java.awt.EventQueue$4.run(EventQueue.java:720)
	at java.desktop/java.awt.EventQueue$4.run(EventQueue.java:714)
	at java.base/java.security.AccessController.doPrivileged(AccessController.java:400)
	at java.base/java.security.ProtectionDomain$JavaSecurityAccessImpl.doIntersectionPrivilege(ProtectionDomain.java:87)
	at java.base/java.security.ProtectionDomain$JavaSecurityAccessImpl.doIntersectionPrivilege(ProtectionDomain.java:98)
	at java.desktop/java.awt.EventQueue$5.run(EventQueue.java:747)
	at java.desktop/java.awt.EventQueue$5.run(EventQueue.java:745)
	at java.base/java.security.AccessController.doPrivileged(AccessController.java:400)
	at java.base/java.security.ProtectionDomain$JavaSecurityAccessImpl.doIntersectionPrivilege(ProtectionDomain.java:87)
	at java.desktop/java.awt.EventQueue.dispatchEvent(EventQueue.java:744)
	at java.desktop/java.awt.EventDispatchThread.pumpOneEventForFilters(EventDispatchThread.java:203)
	at java.desktop/java.awt.EventDispatchThread.pumpEventsForFilter(EventDispatchThread.java:124)
	at java.desktop/java.awt.EventDispatchThread.pumpEventsForHierarchy(EventDispatchThread.java:113)
	at java.desktop/java.awt.EventDispatchThread.pumpEvents(EventDispatchThread.java:109)
	at java.desktop/java.awt.EventDispatchThread.pumpEvents(EventDispatchThread.java:101)
	at java.desktop/java.awt.EventDispatchThread.run(EventDispatchThread.java:90)
2025-07-25 00:36:24 [AWT-EventQueue-0] DEBUG com.example.hexeditor.HexEditorFrame - Получение выбранных байт (строк: 1, колонок: 1)
2025-07-25 00:36:24 [AWT-EventQueue-0] WARN  com.example.hexeditor.HexEditorFrame - Ошибка обновления статуса
java.io.EOFException: null
	at java.base/java.io.RandomAccessFile.readUnsignedByte(RandomAccessFile.java:873)
	at java.base/java.io.RandomAccessFile.readByte(RandomAccessFile.java:854)
	at com.example.hexeditor.HexFileModel.readByte(HexFileModel.java:37)
	at com.example.hexeditor.HexEditorFrame.getSelectedBytes(HexEditorFrame.java:481)
	at com.example.hexeditor.HexEditorFrame.updateStatus(HexEditorFrame.java:508)
	at com.example.hexeditor.HexEditorFrame.lambda$initializeEditor$0(HexEditorFrame.java:122)
	at java.desktop/javax.swing.DefaultListSelectionModel.fireValueChanged(DefaultListSelectionModel.java:231)
	at java.desktop/javax.swing.DefaultListSelectionModel.fireValueChanged(DefaultListSelectionModel.java:193)
	at java.desktop/javax.swing.DefaultListSelectionModel.setValueIsAdjusting(DefaultListSelectionModel.java:771)
	at java.desktop/javax.swing.plaf.basic.BasicTableUI$Handler.setValueIsAdjusting(BasicTableUI.java:983)
	at java.desktop/javax.swing.plaf.basic.BasicTableUI$Handler.mouseReleased(BasicTableUI.java:1196)
	at java.desktop/javax.swing.plaf.basic.BasicTableUI$MouseInputHandler.mouseReleased(BasicTableUI.java:834)
	at java.desktop/java.awt.AWTEventMulticaster.mouseReleased(AWTEventMulticaster.java:298)
	at java.desktop/java.awt.Component.processMouseEvent(Component.java:6621)
	at java.desktop/javax.swing.JComponent.processMouseEvent(JComponent.java:3404)
	at java.desktop/java.awt.Component.processEvent(Component.java:6386)
	at java.desktop/java.awt.Container.processEvent(Container.java:2266)
	at java.desktop/java.awt.Component.dispatchEventImpl(Component.java:4996)
	at java.desktop/java.awt.Container.dispatchEventImpl(Container.java:2324)
	at java.desktop/java.awt.Component.dispatchEvent(Component.java:4828)
	at java.desktop/java.awt.LightweightDispatcher.retargetMouseEvent(Container.java:4948)
	at java.desktop/java.awt.LightweightDispatcher.processMouseEvent(Container.java:4575)
	at java.desktop/java.awt.LightweightDispatcher.dispatchEvent(Container.java:4516)
	at java.desktop/java.awt.Container.dispatchEventImpl(Container.java:2310)
	at java.desktop/java.awt.Window.dispatchEventImpl(Window.java:2780)
	at java.desktop/java.awt.Component.dispatchEvent(Component.java:4828)
	at java.desktop/java.awt.EventQueue.dispatchEventImpl(EventQueue.java:775)
	at java.desktop/java.awt.EventQueue$4.run(EventQueue.java:720)
	at java.desktop/java.awt.EventQueue$4.run(EventQueue.java:714)
	at java.base/java.security.AccessController.doPrivileged(AccessController.java:400)
	at java.base/java.security.ProtectionDomain$JavaSecurityAccessImpl.doIntersectionPrivilege(ProtectionDomain.java:87)
	at java.base/java.security.ProtectionDomain$JavaSecurityAccessImpl.doIntersectionPrivilege(ProtectionDomain.java:98)
	at java.desktop/java.awt.EventQueue$5.run(EventQueue.java:747)
	at java.desktop/java.awt.EventQueue$5.run(EventQueue.java:745)
	at java.base/java.security.AccessController.doPrivileged(AccessController.java:400)
	at java.base/java.security.ProtectionDomain$JavaSecurityAccessImpl.doIntersectionPrivilege(ProtectionDomain.java:87)
	at java.desktop/java.awt.EventQueue.dispatchEvent(EventQueue.java:744)
	at java.desktop/java.awt.EventDispatchThread.pumpOneEventForFilters(EventDispatchThread.java:203)
	at java.desktop/java.awt.EventDispatchThread.pumpEventsForFilter(EventDispatchThread.java:124)
	at java.desktop/java.awt.EventDispatchThread.pumpEventsForHierarchy(EventDispatchThread.java:113)
	at java.desktop/java.awt.EventDispatchThread.pumpEvents(EventDispatchThread.java:109)
	at java.desktop/java.awt.EventDispatchThread.pumpEvents(EventDispatchThread.java:101)
	at java.desktop/java.awt.EventDispatchThread.run(EventDispatchThread.java:90)
2025-07-25 00:36:24 [AWT-EventQueue-0] DEBUG com.example.hexeditor.HexEditorFrame - Получение выбранных байт (строк: 1, колонок: 1)
2025-07-25 00:36:24 [AWT-EventQueue-0] WARN  com.example.hexeditor.HexEditorFrame - Ошибка обновления статуса
java.io.EOFException: null
	at java.base/java.io.RandomAccessFile.readUnsignedByte(RandomAccessFile.java:873)
	at java.base/java.io.RandomAccessFile.readByte(RandomAccessFile.java:854)
	at com.example.hexeditor.HexFileModel.readByte(HexFileModel.java:37)
	at com.example.hexeditor.HexEditorFrame.getSelectedBytes(HexEditorFrame.java:481)
	at com.example.hexeditor.HexEditorFrame.updateStatus(HexEditorFrame.java:508)
	at com.example.hexeditor.HexEditorFrame.lambda$initializeEditor$1(HexEditorFrame.java:123)
	at java.desktop/javax.swing.DefaultListSelectionModel.fireValueChanged(DefaultListSelectionModel.java:231)
	at java.desktop/javax.swing.DefaultListSelectionModel.fireValueChanged(DefaultListSelectionModel.java:193)
	at java.desktop/javax.swing.DefaultListSelectionModel.setValueIsAdjusting(DefaultListSelectionModel.java:771)
	at java.desktop/javax.swing.plaf.basic.BasicTableUI$Handler.setValueIsAdjusting(BasicTableUI.java:985)
	at java.desktop/javax.swing.plaf.basic.BasicTableUI$Handler.mouseReleased(BasicTableUI.java:1196)
	at java.desktop/javax.swing.plaf.basic.BasicTableUI$MouseInputHandler.mouseReleased(BasicTableUI.java:834)
	at java.desktop/java.awt.AWTEventMulticaster.mouseReleased(AWTEventMulticaster.java:298)
	at java.desktop/java.awt.Component.processMouseEvent(Component.java:6621)
	at java.desktop/javax.swing.JComponent.processMouseEvent(JComponent.java:3404)
	at java.desktop/java.awt.Component.processEvent(Component.java:6386)
	at java.desktop/java.awt.Container.processEvent(Container.java:2266)
	at java.desktop/java.awt.Component.dispatchEventImpl(Component.java:4996)
	at java.desktop/java.awt.Container.dispatchEventImpl(Container.java:2324)
	at java.desktop/java.awt.Component.dispatchEvent(Component.java:4828)
	at java.desktop/java.awt.LightweightDispatcher.retargetMouseEvent(Container.java:4948)
	at java.desktop/java.awt.LightweightDispatcher.processMouseEvent(Container.java:4575)
	at java.desktop/java.awt.LightweightDispatcher.dispatchEvent(Container.java:4516)
	at java.desktop/java.awt.Container.dispatchEventImpl(Container.java:2310)
	at java.desktop/java.awt.Window.dispatchEventImpl(Window.java:2780)
	at java.desktop/java.awt.Component.dispatchEvent(Component.java:4828)
	at java.desktop/java.awt.EventQueue.dispatchEventImpl(EventQueue.java:775)
	at java.desktop/java.awt.EventQueue$4.run(EventQueue.java:720)
	at java.desktop/java.awt.EventQueue$4.run(EventQueue.java:714)
	at java.base/java.security.AccessController.doPrivileged(AccessController.java:400)
	at java.base/java.security.ProtectionDomain$JavaSecurityAccessImpl.doIntersectionPrivilege(ProtectionDomain.java:87)
	at java.base/java.security.ProtectionDomain$JavaSecurityAccessImpl.doIntersectionPrivilege(ProtectionDomain.java:98)
	at java.desktop/java.awt.EventQueue$5.run(EventQueue.java:747)
	at java.desktop/java.awt.EventQueue$5.run(EventQueue.java:745)
	at java.base/java.security.AccessController.doPrivileged(AccessController.java:400)
	at java.base/java.security.ProtectionDomain$JavaSecurityAccessImpl.doIntersectionPrivilege(ProtectionDomain.java:87)
	at java.desktop/java.awt.EventQueue.dispatchEvent(EventQueue.java:744)
	at java.desktop/java.awt.EventDispatchThread.pumpOneEventForFilters(EventDispatchThread.java:203)
	at java.desktop/java.awt.EventDispatchThread.pumpEventsForFilter(EventDispatchThread.java:124)
	at java.desktop/java.awt.EventDispatchThread.pumpEventsForHierarchy(EventDispatchThread.java:113)
	at java.desktop/java.awt.EventDispatchThread.pumpEvents(EventDispatchThread.java:109)
	at java.desktop/java.awt.EventDispatchThread.pumpEvents(EventDispatchThread.java:101)
	at java.desktop/java.awt.EventDispatchThread.run(EventDispatchThread.java:90)
2025-07-25 00:36:25 [AWT-EventQueue-0] DEBUG com.example.hexeditor.HexEditorFrame - Получение выбранных байт (строк: 1, колонок: 1)
2025-07-25 00:36:25 [AWT-EventQueue-0] WARN  com.example.hexeditor.HexEditorFrame - Ошибка обновления статуса
java.io.EOFException: null
	at java.base/java.io.RandomAccessFile.readUnsignedByte(RandomAccessFile.java:873)
	at java.base/java.io.RandomAccessFile.readByte(RandomAccessFile.java:854)
	at com.example.hexeditor.HexFileModel.readByte(HexFileModel.java:35)
	at com.example.hexeditor.HexEditorFrame.getSelectedBytes(HexEditorFrame.java:481)
	at com.example.hexeditor.HexEditorFrame.updateStatus(HexEditorFrame.java:508)
	at com.example.hexeditor.HexEditorFrame.lambda$initializeEditor$1(HexEditorFrame.java:123)
	at java.desktop/javax.swing.DefaultListSelectionModel.fireValueChanged(DefaultListSelectionModel.java:231)
	at java.desktop/javax.swing.DefaultListSelectionModel.fireValueChanged(DefaultListSelectionModel.java:206)
	at java.desktop/javax.swing.DefaultListSelectionModel.fireValueChanged(DefaultListSelectionModel.java:258)
	at java.desktop/javax.swing.DefaultListSelectionModel.changeSelection(DefaultListSelectionModel.java:459)
	at java.desktop/javax.swing.DefaultListSelectionModel.changeSelection(DefaultListSelectionModel.java:469)
	at java.desktop/javax.swing.DefaultListSelectionModel.setSelectionInterval(DefaultListSelectionModel.java:513)
	at java.desktop/javax.swing.JTable.changeSelectionModel(JTable.java:2441)
	at java.desktop/javax.swing.JTable.changeSelection(JTable.java:2508)
	at java.desktop/javax.swing.plaf.basic.BasicTableUI$Handler.adjustSelection(BasicTableUI.java:1145)
	at java.desktop/javax.swing.plaf.basic.BasicTableUI$Handler.mousePressed(BasicTableUI.java:1068)
	at java.desktop/javax.swing.plaf.basic.BasicTableUI$MouseInputHandler.mousePressed(BasicTableUI.java:830)
	at java.desktop/java.awt.AWTEventMulticaster.mousePressed(AWTEventMulticaster.java:288)
	at java.desktop/java.awt.Component.processMouseEvent(Component.java:6618)
	at java.desktop/javax.swing.JComponent.processMouseEvent(JComponent.java:3404)
	at java.desktop/java.awt.Component.processEvent(Component.java:6386)
	at java.desktop/java.awt.Container.processEvent(Container.java:2266)
	at java.desktop/java.awt.Component.dispatchEventImpl(Component.java:4996)
	at java.desktop/java.awt.Container.dispatchEventImpl(Container.java:2324)
	at java.desktop/java.awt.Component.dispatchEvent(Component.java:4828)
	at java.desktop/java.awt.LightweightDispatcher.retargetMouseEvent(Container.java:4948)
	at java.desktop/java.awt.LightweightDispatcher.processMouseEvent(Container.java:4572)
	at java.desktop/java.awt.LightweightDispatcher.dispatchEvent(Container.java:4516)
	at java.desktop/java.awt.Container.dispatchEventImpl(Container.java:2310)
	at java.desktop/java.awt.Window.dispatchEventImpl(Window.java:2780)
	at java.desktop/java.awt.Component.dispatchEvent(Component.java:4828)
	at java.desktop/java.awt.EventQueue.dispatchEventImpl(EventQueue.java:775)
	at java.desktop/java.awt.EventQueue$4.run(EventQueue.java:720)
	at java.desktop/java.awt.EventQueue$4.run(EventQueue.java:714)
	at java.base/java.security.AccessController.doPrivileged(AccessController.java:400)
	at java.base/java.security.ProtectionDomain$JavaSecurityAccessImpl.doIntersectionPrivilege(ProtectionDomain.java:87)
	at java.base/java.security.ProtectionDomain$JavaSecurityAccessImpl.doIntersectionPrivilege(ProtectionDomain.java:98)
	at java.desktop/java.awt.EventQueue$5.run(EventQueue.java:747)
	at java.desktop/java.awt.EventQueue$5.run(EventQueue.java:745)
	at java.base/java.security.AccessController.doPrivileged(AccessController.java:400)
	at java.base/java.security.ProtectionDomain$JavaSecurityAccessImpl.doIntersectionPrivilege(ProtectionDomain.java:87)
	at java.desktop/java.awt.EventQueue.dispatchEvent(EventQueue.java:744)
	at java.desktop/java.awt.EventDispatchThread.pumpOneEventForFilters(EventDispatchThread.java:203)
	at java.desktop/java.awt.EventDispatchThread.pumpEventsForFilter(EventDispatchThread.java:124)
	at java.desktop/java.awt.EventDispatchThread.pumpEventsForHierarchy(EventDispatchThread.java:113)
	at java.desktop/java.awt.EventDispatchThread.pumpEvents(EventDispatchThread.java:109)
	at java.desktop/java.awt.EventDispatchThread.pumpEvents(EventDispatchThread.java:101)
	at java.desktop/java.awt.EventDispatchThread.run(EventDispatchThread.java:90)
2025-07-25 00:36:25 [AWT-EventQueue-0] DEBUG com.example.hexeditor.HexEditorFrame - Получение выбранных байт (строк: 1, колонок: 1)
2025-07-25 00:36:25 [AWT-EventQueue-0] WARN  com.example.hexeditor.HexEditorFrame - Ошибка обновления статуса
java.io.EOFException: null
	at java.base/java.io.RandomAccessFile.readUnsignedByte(RandomAccessFile.java:873)
	at java.base/java.io.RandomAccessFile.readByte(RandomAccessFile.java:854)
	at com.example.hexeditor.HexFileModel.readByte(HexFileModel.java:35)
	at com.example.hexeditor.HexEditorFrame.getSelectedBytes(HexEditorFrame.java:481)
	at com.example.hexeditor.HexEditorFrame.updateStatus(HexEditorFrame.java:508)
	at com.example.hexeditor.HexEditorFrame.lambda$initializeEditor$1(HexEditorFrame.java:123)
	at java.desktop/javax.swing.DefaultListSelectionModel.fireValueChanged(DefaultListSelectionModel.java:231)
	at java.desktop/javax.swing.DefaultListSelectionModel.fireValueChanged(DefaultListSelectionModel.java:193)
	at java.desktop/javax.swing.DefaultListSelectionModel.setValueIsAdjusting(DefaultListSelectionModel.java:771)
	at java.desktop/javax.swing.plaf.basic.BasicTableUI$Handler.setValueIsAdjusting(BasicTableUI.java:985)
	at java.desktop/javax.swing.plaf.basic.BasicTableUI$Handler.mouseReleased(BasicTableUI.java:1196)
	at java.desktop/javax.swing.plaf.basic.BasicTableUI$MouseInputHandler.mouseReleased(BasicTableUI.java:834)
	at java.desktop/java.awt.AWTEventMulticaster.mouseReleased(AWTEventMulticaster.java:298)
	at java.desktop/java.awt.Component.processMouseEvent(Component.java:6621)
	at java.desktop/javax.swing.JComponent.processMouseEvent(JComponent.java:3404)
	at java.desktop/java.awt.Component.processEvent(Component.java:6386)
	at java.desktop/java.awt.Container.processEvent(Container.java:2266)
	at java.desktop/java.awt.Component.dispatchEventImpl(Component.java:4996)
	at java.desktop/java.awt.Container.dispatchEventImpl(Container.java:2324)
	at java.desktop/java.awt.Component.dispatchEvent(Component.java:4828)
	at java.desktop/java.awt.LightweightDispatcher.retargetMouseEvent(Container.java:4948)
	at java.desktop/java.awt.LightweightDispatcher.processMouseEvent(Container.java:4575)
	at java.desktop/java.awt.LightweightDispatcher.dispatchEvent(Container.java:4516)
	at java.desktop/java.awt.Container.dispatchEventImpl(Container.java:2310)
	at java.desktop/java.awt.Window.dispatchEventImpl(Window.java:2780)
	at java.desktop/java.awt.Component.dispatchEvent(Component.java:4828)
	at java.desktop/java.awt.EventQueue.dispatchEventImpl(EventQueue.java:775)
	at java.desktop/java.awt.EventQueue$4.run(EventQueue.java:720)
	at java.desktop/java.awt.EventQueue$4.run(EventQueue.java:714)
	at java.base/java.security.AccessController.doPrivileged(AccessController.java:400)
	at java.base/java.security.ProtectionDomain$JavaSecurityAccessImpl.doIntersectionPrivilege(ProtectionDomain.java:87)
	at java.base/java.security.ProtectionDomain$JavaSecurityAccessImpl.doIntersectionPrivilege(ProtectionDomain.java:98)
	at java.desktop/java.awt.EventQueue$5.run(EventQueue.java:747)
	at java.desktop/java.awt.EventQueue$5.run(EventQueue.java:745)
	at java.base/java.security.AccessController.doPrivileged(AccessController.java:400)
	at java.base/java.security.ProtectionDomain$JavaSecurityAccessImpl.doIntersectionPrivilege(ProtectionDomain.java:87)
	at java.desktop/java.awt.EventQueue.dispatchEvent(EventQueue.java:744)
	at java.desktop/java.awt.EventDispatchThread.pumpOneEventForFilters(EventDispatchThread.java:203)
	at java.desktop/java.awt.EventDispatchThread.pumpEventsForFilter(EventDispatchThread.java:124)
	at java.desktop/java.awt.EventDispatchThread.pumpEventsForHierarchy(EventDispatchThread.java:113)
	at java.desktop/java.awt.EventDispatchThread.pumpEvents(EventDispatchThread.java:109)
	at java.desktop/java.awt.EventDispatchThread.pumpEvents(EventDispatchThread.java:101)
	at java.desktop/java.awt.EventDispatchThread.run(EventDispatchThread.java:90)
2025-07-25 00:36:29 [AWT-EventQueue-0] INFO  com.example.hexeditor.HexEditorFrame - Файл успешно загружен: desktop.ini (размер: 282 байт)
2025-07-25 00:36:29 [AWT-EventQueue-0] INFO  com.example.hexeditor.HexEditorFrame - Файл успешно загружен: desktop.ini (размер: 282 байт)
2025-07-25 00:36:29 [AWT-EventQueue-0] INFO  com.example.hexeditor.HexEditorFrame - Файл успешно загружен: desktop.ini (размер: 282 байт)
2025-07-25 00:36:29 [AWT-EventQueue-0] INFO  com.example.hexeditor.HexEditorFrame - Файл успешно загружен: desktop.ini (размер: 282 байт)
2025-07-25 00:36:29 [AWT-EventQueue-0] INFO  com.example.hexeditor.HexEditorFrame - Файл успешно загружен: desktop.ini (размер: 282 байт)
2025-07-25 00:36:29 [AWT-EventQueue-0] INFO  com.example.hexeditor.HexEditorFrame - Файл успешно загружен: desktop.ini (размер: 282 байт)
2025-07-25 00:36:29 [AWT-EventQueue-0] INFO  com.example.hexeditor.HexEditorFrame - Файл успешно загружен: desktop.ini (размер: 282 байт)
2025-07-25 00:36:29 [AWT-EventQueue-0] INFO  com.example.hexeditor.HexEditorFrame - Файл успешно загружен: desktop.ini (размер: 282 байт)
2025-07-25 00:36:29 [AWT-EventQueue-0] INFO  com.example.hexeditor.HexEditorFrame - Файл успешно загружен: desktop.ini (размер: 282 байт)
2025-07-25 00:36:29 [AWT-EventQueue-0] INFO  com.example.hexeditor.HexEditorFrame - Файл успешно загружен: desktop.ini (размер: 282 байт)
2025-07-25 00:36:29 [AWT-EventQueue-0] INFO  com.example.hexeditor.HexEditorFrame - Файл успешно загружен: desktop.ini (размер: 282 байт)
2025-07-25 00:36:29 [AWT-EventQueue-0] INFO  com.example.hexeditor.HexEditorFrame - Файл успешно загружен: desktop.ini (размер: 282 байт)
2025-07-25 00:36:29 [AWT-EventQueue-0] INFO  com.example.hexeditor.HexEditorFrame - Файл успешно загружен: desktop.ini (размер: 282 байт)
